[debug] [2023-05-12T05:30:40.321Z] ----------------------------------------------------------------------
[debug] [2023-05-12T05:30:40.323Z] Command:       /usr/local/nvm/versions/node/v18.12.1/bin/node /usr/local/nvm/versions/node/v18.12.1/bin/firebase init hosting
[debug] [2023-05-12T05:30:40.324Z] CLI Version:   11.29.1
[debug] [2023-05-12T05:30:40.324Z] Platform:      linux
[debug] [2023-05-12T05:30:40.324Z] Node Version:  v18.12.1
[debug] [2023-05-12T05:30:40.324Z] Time:          Fri May 12 2023 05:30:40 GMT+0000 (Coordinated Universal Time)
[debug] [2023-05-12T05:30:40.325Z] ----------------------------------------------------------------------
[debug] 
[debug] [2023-05-12T05:30:40.329Z] >>> [apiv2][query] GET https://firebase-public.firebaseio.com/cli.json [none]
[debug] [2023-05-12T05:30:40.506Z] > command requires scopes: ["email","openid","https://www.googleapis.com/auth/cloudplatformprojects.readonly","https://www.googleapis.com/auth/firebase","https://www.googleapis.com/auth/cloud-platform"]
[debug] [2023-05-12T05:30:41.725Z] <<< [apiv2][status] GET https://firebase-public.firebaseio.com/cli.json 200
[debug] [2023-05-12T05:30:41.726Z] <<< [apiv2][body] GET https://firebase-public.firebaseio.com/cli.json {"cloudBuildErrorAfter":1594252800000,"cloudBuildWarnAfter":1590019200000,"defaultNode10After":1594252800000,"minVersion":"3.0.5","node8DeploysDisabledAfter":1613390400000,"node8RuntimeDisabledAfter":1615809600000,"node8WarnAfter":1600128000000}
[info] 
     ######## #### ########  ######## ########     ###     ######  ########
     ##        ##  ##     ## ##       ##     ##  ##   ##  ##       ##
     ######    ##  ########  ######   ########  #########  ######  ######
     ##        ##  ##    ##  ##       ##     ## ##     ##       ## ##
     ##       #### ##     ## ######## ########  ##     ##  ######  ########

You're about to initialize a Firebase project in this directory:

  /home/hi_hasegawa/hiroki/with-firebase-hosting-app

Before we get started, keep in mind:

  * You are initializing within an existing Firebase project directory

[info] 
=== Project Setup
[info] 
[info] First, let's associate this project directory with a Firebase project.
[info] You can create multiple project aliases by running firebase use --add, 
[info] but for now we'll just set up a default project.
[info] 
[debug] [2023-05-12T05:30:47.227Z] Using project from CLI flag: kaigofika-poc01
[debug] [2023-05-12T05:30:47.228Z] >>> [apiv2][query] GET https://firebase.googleapis.com/v1beta1/projects/kaigofika-poc01 [none]
[debug] [2023-05-12T05:30:47.255Z] <<< [apiv2][status] GET https://firebase.googleapis.com/v1beta1/projects/kaigofika-poc01 401
[debug] [2023-05-12T05:30:47.255Z] <<< [apiv2][body] GET https://firebase.googleapis.com/v1beta1/projects/kaigofika-poc01 {"error":{"code":401,"message":"Request had invalid authentication credentials. Expected OAuth 2 access token, login cookie or other valid authentication credential. See https://developers.google.com/identity/sign-in/web/devconsole-project.","status":"UNAUTHENTICATED"}}
[debug] [2023-05-12T05:30:47.256Z] HTTP Error: 401, Request had invalid authentication credentials. Expected OAuth 2 access token, login cookie or other valid authentication credential. See https://developers.google.com/identity/sign-in/web/devconsole-project.
[debug] [2023-05-12T05:30:47.258Z] FirebaseError: HTTP Error: 401, Request had invalid authentication credentials. Expected OAuth 2 access token, login cookie or other valid authentication credential. See https://developers.google.com/identity/sign-in/web/devconsole-project.
    at responseToError (/usr/local/nvm/versions/node/v18.12.1/lib/node_modules/firebase-tools/lib/responseToError.js:49:12)
    at RetryOperation._fn (/usr/local/nvm/versions/node/v18.12.1/lib/node_modules/firebase-tools/lib/apiv2.js:288:77)
    at process.processTicksAndRejections (node:internal/process/task_queues:95:5)
[error] 
[error] Error: Failed to get Firebase project kaigofika-poc01. Please make sure the project exists and your account has permission to access it.
